<?xml version="1.0" encoding="UTF-8"?>
<testsuite xmlns:xsi="http://www.w3.org/2001/XMLSchema-instance" xsi:noNamespaceSchemaLocation="https://maven.apache.org/surefire/maven-surefire-plugin/xsd/surefire-test-report.xsd" name="cn.enjoy.test.UserTest" time="4.627" tests="2" errors="0" skipped="0" failures="0">
  <properties>
[...]
</properties>
  <testcase name="testApp" classname="cn.enjoy.test.UserTest" time="0.397"/>
  <testcase name="testFindUser" classname="cn.enjoy.test.UserTest" time="0.022"/>
</testsuite>